[debug] [2022-01-30T01:05:49.944Z] ----------------------------------------------------------------------
[debug] [2022-01-30T01:05:49.949Z] Command:       /usr/bin/node /usr/bin/firebase init
[debug] [2022-01-30T01:05:49.949Z] CLI Version:   10.1.2
[debug] [2022-01-30T01:05:49.950Z] Platform:      linux
[debug] [2022-01-30T01:05:49.950Z] Node Version:  v14.17.6
[debug] [2022-01-30T01:05:49.951Z] Time:          Sat Jan 29 2022 20:05:49 GMT-0500 (Eastern Standard Time)
[debug] [2022-01-30T01:05:49.952Z] ----------------------------------------------------------------------
[debug] 
[debug] [2022-01-30T01:05:50.079Z] > command requires scopes: ["email","openid","https://www.googleapis.com/auth/cloudplatformprojects.readonly","https://www.googleapis.com/auth/firebase","https://www.googleapis.com/auth/cloud-platform"]
[debug] [2022-01-30T01:05:50.079Z] > authorizing via signed-in user (benevolenskiartour@gmail.com)
[info] 
     ######## #### ########  ######## ########     ###     ######  ########
     ##        ##  ##     ## ##       ##     ##  ##   ##  ##       ##
     ######    ##  ########  ######   ########  #########  ######  ######
     ##        ##  ##    ##  ##       ##     ## ##     ##       ## ##
     ##       #### ##     ## ######## ########  ##     ##  ######  ########

You're about to initialize a Firebase project in this directory:

  /home/arbene/concerto/openbook

Before we get started, keep in mind:

  * You are initializing within an existing Firebase project directory

[info] 
=== Project Setup
[info] 
[info] First, let's associate this project directory with a Firebase project.
[info] You can create multiple project aliases by running firebase use --add, 
[info] but for now we'll just set up a default project.
[info] 
[debug] [2022-01-30T01:06:22.239Z] Using project from CLI flag: openbookserver
[debug] [2022-01-30T01:06:22.244Z] >>> [apiv2][query] GET https://firebase.googleapis.com/v1beta1/projects/openbookserver [none]
[debug] [2022-01-30T01:06:22.756Z] <<< [apiv2][status] GET https://firebase.googleapis.com/v1beta1/projects/openbookserver 403
[debug] [2022-01-30T01:06:22.757Z] <<< [apiv2][body] GET https://firebase.googleapis.com/v1beta1/projects/openbookserver {"error":{"code":403,"message":"The caller does not have permission","status":"PERMISSION_DENIED"}}
[debug] [2022-01-30T01:06:22.760Z] HTTP Error: 403, The caller does not have permission
[debug] [2022-01-30T01:06:23.121Z] FirebaseError: HTTP Error: 403, The caller does not have permission
    at module.exports (/usr/lib/node_modules/firebase-tools/lib/responseToError.js:38:12)
    at Client.doRequest (/usr/lib/node_modules/firebase-tools/lib/apiv2.js:241:23)
    at processTicksAndRejections (internal/process/task_queues.js:95:5)
    at async Client.request (/usr/lib/node_modules/firebase-tools/lib/apiv2.js:96:20)
    at async getFirebaseProject (/usr/lib/node_modules/firebase-tools/lib/management/projects.js:290:21)
    at async Object.doSetup [as project] (/usr/lib/node_modules/firebase-tools/lib/init/features/project.js:85:27)
    at async init (/usr/lib/node_modules/firebase-tools/lib/init/index.js:19:9)
[error] 
[error] Error: Failed to get Firebase project openbookserver. Please make sure the project exists and your account has permission to access it.
