[debug] [2022-01-30T01:05:49.944Z] ----------------------------------------------------------------------
[debug] [2022-01-30T01:05:49.949Z] Command:       /usr/bin/node /usr/bin/firebase init
[debug] [2022-01-30T01:05:49.949Z] CLI Version:   10.1.2
[debug] [2022-01-30T01:05:49.950Z] Platform:      linux
[debug] [2022-01-30T01:05:49.950Z] Node Version:  v14.17.6
[debug] [2022-01-30T01:05:49.951Z] Time:          Sat Jan 29 2022 20:05:49 GMT-0500 (Eastern Standard Time)
[debug] [2022-01-30T01:05:49.952Z] ----------------------------------------------------------------------

[info] 
     ######## #### ########  ######## ########     ###     ######  ########
     ##        ##  ##     ## ##       ##     ##  ##   ##  ##       ##
     ######    ##  ########  ######   ########  #########  ######  ######
     ##        ##  ##    ##  ##       ##     ## ##     ##       ## ##
     ##       #### ##     ## ######## ########  ##     ##  ######  ########

You're about to initialize a Firebase project in this directory:

  /home/arbene/concerto/openbook

Before we get started, keep in mind:

  * You are initializing within an existing Firebase project directory

[info] 
=== Project Setup
[info] 
[info] First, let's associate this project directory with a Firebase project.
[info] You can create multiple project aliases by running firebase use --add, 
[info] but for now we'll just set up a default project.
[info] 
[debug] [2022-01-30T01:06:22.239Z] Using project from CLI flag: openbookserver
[debug] [2022-01-30T01:06:22.244Z] >>> [apiv2][query] GET https://firebase.googleapis.com/v1beta1/projects/openbookserver [none]
[debug] [2022-01-30T01:06:22.756Z] <<< [apiv2][status] GET https://firebase.googleapis.com/v1beta1/projects/openbookserver 403

